<?xml version="1.0" encoding="UTF-8"?>
<testng-results skipped="0" failed="0" ignored="0" total="1" passed="1">
  <reporter-output>
  </reporter-output>
  <suite name="Regression" duration-ms="18331" started-at="2019-09-07T18:00:24Z" finished-at="2019-09-07T18:00:42Z">
    <groups>
    </groups>
    <test name="UI" duration-ms="18331" started-at="2019-09-07T18:00:24Z" finished-at="2019-09-07T18:00:42Z">
      <class name="TestGmail.MyFirstTest">
        <test-method status="PASS" signature="setTest()[pri:0, instance:TestGmail.MyFirstTest@2b95e48b]" name="setTest" duration-ms="18064" started-at="2019-09-07T18:00:24Z" description=" Verify ability for user to login into mail box" finished-at="2019-09-07T18:00:42Z">
          <reporter-output>
          </reporter-output>
        </test-method> <!-- setTest -->
        <test-method status="PASS" signature="tearDown()[pri:0, instance:TestGmail.MyFirstTest@2b95e48b]" name="tearDown" is-config="true" duration-ms="0" started-at="2019-09-07T18:00:42Z" finished-at="2019-09-07T18:00:42Z">
          <reporter-output>
          </reporter-output>
        </test-method> <!-- tearDown -->
      </class> <!-- TestGmail.MyFirstTest -->
    </test> <!-- UI -->
  </suite> <!-- Regression -->
</testng-results>
